<?xml version="1.0" encoding="UTF-8"?>
<robot generator="Robot 4.1 (Python 3.7.5 on win32)" generated="20210818 00:07:49.900" rpa="false" schemaversion="2">
<suite id="s1" name="Robot Scratchpad" source="c:\Users\pmunasingh\.vscode\extensions\robocorp.robotframework-lsp-0.20.0\src\robotframework_ls\vendored\robotframework_interactive\robot_scratchpad.robot">
<test id="s1-t1" name="Default Task/Test">
<kw name="Interpreter Main Loop" library="MainLoop">
<kw name="Fill And Submit The Form For One Order">
<msg timestamp="20210818 00:08:07.760" level="FAIL">Keyword 'Fill And Submit The Form For One Order' expected 1 argument, got 0.</msg>
<status status="FAIL" starttime="20210818 00:08:07.760" endtime="20210818 00:08:07.760"/>
</kw>
<status status="PASS" starttime="20210818 00:07:49.927" endtime="20210818 00:08:11.320"/>
</kw>
<status status="PASS" starttime="20210818 00:07:49.927" endtime="20210818 00:08:11.320"/>
</test>
<status status="PASS" starttime="20210818 00:07:49.902" endtime="20210818 00:08:11.321"/>
</suite>
<statistics>
<total>
<stat pass="1" fail="0" skip="0">All Tests</stat>
</total>
<tag>
</tag>
<suite>
<stat pass="1" fail="0" skip="0" id="s1" name="Robot Scratchpad">Robot Scratchpad</stat>
</suite>
</statistics>
<errors>
</errors>
</robot>
